\BOOKMARK [1][-]{section.1}{\376\377\000T\000r\000e\001\133\001\007\000\040\000z\000a\000d\000a\000n\000i\000a}{}% 1
\BOOKMARK [1][-]{section.2}{\376\377\000R\000o\000z\000w\000i\001\005\000z\000y\000w\000a\000n\000i\000e\000\040\000p\000r\000o\000b\000l\000e\000m\000u}{}% 2
\BOOKMARK [2][-]{subsection.2.1}{\376\377\000P\000o\000d\000e\000j\001\133\000c\000i\000e\000\040\000p\000i\000e\000r\000w\000s\000z\000e\000\040\000-\000\040\000s\000t\000a\001\102\000e\000\040\000t\000a\000b\000l\000i\000c\000e}{section.2}% 3
\BOOKMARK [3][-]{subsubsection.2.1.1}{\376\377\000O\000p\000i\000s\000\040\000p\000r\000o\000b\000l\000e\000m\000u}{subsection.2.1}% 4
\BOOKMARK [3][-]{subsubsection.2.1.2}{\376\377\000S\000t\000r\000u\000k\000t\000u\000r\000a\000\040\000d\000a\000n\000y\000c\000h\000\040\000w\000e\000j\001\133\000c\000i\000o\000w\000y\000c\000h\000\040\000i\000\040\000w\000y\000j\001\133\000c\000i\000o\000w\000y\000c\000h}{subsection.2.1}% 5
\BOOKMARK [3][-]{subsubsection.2.1.3}{\376\377\000O\000p\000i\000s\000\040\000d\000z\000i\000a\001\102\000a\000n\000i\000a\000\040\000p\000r\000o\000g\000r\000a\000m\000u}{subsection.2.1}% 6
\BOOKMARK [3][-]{subsubsection.2.1.4}{\376\377\000S\000c\000h\000e\000m\000a\000t\000\040\000b\000l\000o\000k\000o\000w\000y\000\040\000a\000l\000g\000o\000r\000y\000t\000m\000u}{subsection.2.1}% 7
\BOOKMARK [3][-]{subsubsection.2.1.5}{\376\377\000P\000s\000e\000u\000d\000o\000k\000o\000d\000\040\000a\000l\000g\000o\000r\000y\000t\000m\000u}{subsection.2.1}% 8
\BOOKMARK [2][-]{subsection.2.2}{\376\377\000D\000r\000u\000g\000i\000e\000\040\000p\000o\000d\000e\000j\001\133\000c\000i\000e\000\040\000-\000\040\000d\000y\000n\000a\000m\000i\000c\000z\000n\000e\000\040\000t\000a\000b\000l\000i\000c\000e}{section.2}% 9
\BOOKMARK [3][-]{subsubsection.2.2.1}{\376\377\000O\000p\000i\000s\000\040\000p\000r\000o\000b\000l\000e\000m\000u\000\040\000-\000\040\000p\000y\000t\000a\000n\000i\000e\000\040\000o\000\040\000u\000s\000p\000r\000a\000w\000n\000i\000e\000n\000i\000e\000\040\000p\000r\000o\000g\000r\000a\000m\000u}{subsection.2.2}% 10
\BOOKMARK [3][-]{subsubsection.2.2.2}{\376\377\000O\000p\000i\000s\000\040\000d\000z\000i\000a\001\102\000a\000n\000i\000a\000\040\000o\000m\000a\000w\000i\000a\000n\000e\000j\000\040\000f\000u\000n\000k\000c\000j\000i}{subsection.2.2}% 11
\BOOKMARK [3][-]{subsubsection.2.2.3}{\376\377\000S\000c\000h\000e\000m\000a\000t\000\040\000b\000l\000o\000k\000o\000w\000y\000\040\000f\000u\000n\000k\000c\000j\000i\000\040\000C\000o\000u\000n\000t\000D\000e\000c\000r\000e\000a\000s\000i\000n\000g\000S\000u\000b\000a\000r\000r\000a\000y\000s}{subsection.2.2}% 12
\BOOKMARK [3][-]{subsubsection.2.2.4}{\376\377\000P\000s\000e\000u\000d\000o\000k\000o\000d\000\040\000f\000u\000n\000k\000c\000j\000i\000\040\000C\000o\000u\000n\000t\000D\000e\000c\000r\000e\000a\000s\000i\000n\000g\000S\000u\000b\000a\000r\000r\000a\000y\000s}{subsection.2.2}% 13
\BOOKMARK [2][-]{subsection.2.3}{\376\377\000I\000m\000p\000l\000e\000m\000e\000n\000t\000a\000c\000j\000a\000\040\000o\000b\000u\000\040\000p\000o\000d\000a\000n\000y\000c\000h\000\040\000f\000u\000n\000k\000c\000j\000i}{section.2}% 14
\BOOKMARK [3][-]{subsubsection.2.3.1}{\376\377\000P\000i\000e\000r\000w\000s\000z\000a\000\040\000w\000e\000r\000s\000j\000a}{subsection.2.3}% 15
\BOOKMARK [3][-]{subsubsection.2.3.2}{\376\377\000D\000r\000u\000g\000a\000\040\000w\000e\000r\000s\000j\000a}{subsection.2.3}% 16
\BOOKMARK [1][-]{section.3}{\376\377\000P\000o\000d\000s\000t\000a\000w\000y\000\040\000t\000e\000o\000r\000e\000t\000y\000c\000z\000n\000e}{}% 17
\BOOKMARK [2][-]{subsection.3.1}{\376\377\000Z\001\102\000o\001\174\000o\000n\000o\001\133\001\007\000\040\000c\000z\000a\000s\000o\000w\000a\000,\000\040\000p\000a\000m\000i\001\031\000c\000i\000o\000w\000a\000\040\000i\000\040\000o\000b\000l\000i\000c\000z\000e\000n\000i\000o\000w\000a}{section.3}% 18
\BOOKMARK [3][-]{subsubsection.3.1.1}{\376\377\000Z\001\102\000o\001\174\000o\000n\000o\001\133\000c\000i\000\040\000d\000l\000a\000\040\000p\000i\000e\000r\000w\000s\000z\000e\000j\000\040\000w\000e\000r\000s\000j\000i\000\040\000p\000r\000o\000g\000r\000a\000m\000u}{subsection.3.1}% 19
\BOOKMARK [3][-]{subsubsection.3.1.2}{\376\377\000Z\001\102\000o\001\174\000o\000n\000o\001\133\000c\000i\000\040\000d\000l\000a\000\040\000d\000r\000u\000g\000i\000e\000j\000\040\000w\000e\000r\000s\000j\000i\000\040\000p\000r\000o\000g\000r\000a\000m\000u}{subsection.3.1}% 20
\BOOKMARK [1][-]{section.4}{\376\377\000S\000z\000c\000z\000e\000g\000\363\001\102\000y\000\040\000i\000m\000p\000l\000e\000m\000e\000n\000t\000a\000c\000j\000i}{}% 21
\BOOKMARK [1][-]{section.5}{\376\377\000T\000e\000s\000t\000o\000w\000a\000n\000i\000e}{}% 22
\BOOKMARK [1][-]{section.6}{\376\377\000P\000o\000d\000s\000u\000m\000o\000w\000a\000n\000i\000e\000\040\000i\000\040\000w\000n\000i\000o\000s\000k\000i}{}% 23
